<?xml version="1.0" encoding="UTF-8"?>
<!-- Generated by org.testng.reporters.JUnitReportReporter -->
<testsuite hostname="Vinods-MacBook-Air.local" failures="0" tests="1" name="com.test.specAndSchemaTest.specandSchemaTest" time="5.191" errors="0" timestamp="2023-05-08T09:42:52 IST" skipped="0">
  <testcase classname="com.test.specAndSchemaTest.specandSchemaTest" name="getUserById" time="5.191"/>
  <system-out/>
</testsuite> <!-- com.test.specAndSchemaTest.specandSchemaTest -->
