<?xml version="1.0" encoding="UTF-8"?>
<!-- Generated by org.testng.reporters.JUnitReportReporter -->
<testsuite hostname="Vinods-MacBook-Air.local" failures="0" tests="1" name="com.test.specAndSchemaTest.APIspecAndSchemaTest" time="2.213" errors="0" timestamp="2023-05-15T08:42:26 IST" skipped="0">
  <testcase classname="com.test.specAndSchemaTest.APIspecAndSchemaTest" name="verifyAPIResponse" time="2.213"/>
  <system-out/>
</testsuite> <!-- com.test.specAndSchemaTest.APIspecAndSchemaTest -->
