<?xml version="1.0" encoding="UTF-8"?>
<!-- Generated by org.testng.reporters.JUnitReportReporter -->
<testsuite hostname="Vinods-MacBook-Air.local" failures="0" tests="1" name="com.test.outputfileVerification.outputfileVerificationTest" time="0.547" errors="0" timestamp="2023-05-10T12:24:22 IST" skipped="0">
  <testcase classname="com.test.outputfileVerification.outputfileVerificationTest" name="testExcelFiles" time="0.547"/>
  <system-out/>
</testsuite> <!-- com.test.outputfileVerification.outputfileVerificationTest -->
