<?xml version="1.0" encoding="UTF-8"?>
<!-- Generated by org.testng.reporters.JUnitReportReporter -->
<testsuite hostname="Vinods-MacBook-Air.local" failures="0" tests="1" name="com.test.homePageTest.ReqresRunner" time="6.094" errors="0" timestamp="2023-05-10T11:17:37 IST" skipped="0">
  <testcase classname="com.test.homePageTest.ReqresRunner" name="runScenario" time="6.094"/>
  <system-out/>
</testsuite> <!-- com.test.homePageTest.ReqresRunner -->
